#
# There is insufficient memory for the Java Runtime Environment to continue.
# Native memory allocation (mmap) failed to map 201326592 bytes for G1 virtual space
# Possible reasons:
#   The system is out of physical RAM or swap space
#   The process is running with CompressedOops enabled, and the Java Heap may be blocking the growth of the native heap
# Possible solutions:
#   Reduce memory load on the system
#   Increase physical memory or swap space
#   Check if swap backing store is full
#   Decrease Java heap size (-Xmx/-Xms)
#   Decrease number of Java threads
#   Decrease Java thread stack sizes (-Xss)
#   Set larger code cache with -XX:ReservedCodeCacheSize=
#   JVM is running with Zero Based Compressed Oops mode in which the Java heap is
#     placed in the first 32GB address space. The Java Heap base address is the
#     maximum limit for the native heap growth. Please use -XX:HeapBaseMinAddress
#     to set the Java Heap base and to place the Java Heap above 32GB virtual address.
# This output file may be truncated or incomplete.
#
#  Out of Memory Error (os_windows.cpp:3541), pid=336, tid=3132
#
# JRE version:  (17.0.5+9) (build )
# Java VM: Java HotSpot(TM) 64-Bit Server VM (17.0.5+9-LTS-191, mixed mode, sharing, tiered, compressed oops, compressed class ptrs, g1 gc, windows-amd64)
# No core dump will be written. Minidumps are not enabled by default on client versions of Windows
#

---------------  S U M M A R Y ------------

Command Line: -Dfile.encoding=windows-1252 -Duser.country=US -Duser.language=en -Duser.variant coffeeshopproject.CoffeeShopAPI.CoffeeShopApiApplication

Host: Intel(R) Core(TM) i5-7200U CPU @ 2.50GHz, 4 cores, 11G,  Windows 10 , 64 bit Build 19041 (10.0.19041.3570)
Time: Fri Nov 10 16:27:03 2023 SE Asia Standard Time elapsed time: 0.071157 seconds (0d 0h 0m 0s)

---------------  T H R E A D  ---------------

Current thread (0x00000219fa4b62d0):  JavaThread "Unknown thread" [_thread_in_vm, id=3132, stack(0x0000005cae100000,0x0000005cae200000)]

Stack: [0x0000005cae100000,0x0000005cae200000]
Native frames: (J=compiled Java code, j=interpreted, Vv=VM code, C=native code)
V  [jvm.dll+0x672eea]
V  [jvm.dll+0x7d2a04]
V  [jvm.dll+0x7d41ae]
V  [jvm.dll+0x7d4813]
V  [jvm.dll+0x242c15]
V  [jvm.dll+0x66fe09]
V  [jvm.dll+0x664682]
V  [jvm.dll+0x300e8b]
V  [jvm.dll+0x308426]
V  [jvm.dll+0x357ffe]
V  [jvm.dll+0x35822f]
V  [jvm.dll+0x2d80a8]
V  [jvm.dll+0x2d9014]
V  [jvm.dll+0x7a44e1]
V  [jvm.dll+0x365df1]
V  [jvm.dll+0x7838fc]
V  [jvm.dll+0x3e873f]
V  [jvm.dll+0x3ea1e1]
C  [jli.dll+0x527b]
C  [ucrtbase.dll+0x21bb2]
C  [KERNEL32.DLL+0x17344]
C  [ntdll.dll+0x526b1]


---------------  P R O C E S S  ---------------

Threads class SMR info:
_java_thread_list=0x00007fffc2f1a8d8, length=0, elements={
}

Java Threads: ( => current thread )

Other Threads:
  0x00000219fa50c920 GCTaskThread "GC Thread#0" [stack: 0x0000005cae200000,0x0000005cae300000] [id=13132]
  0x00000219fa51a590 ConcurrentGCThread "G1 Main Marker" [stack: 0x0000005cae300000,0x0000005cae400000] [id=6408]
  0x00000219fa51aeb0 ConcurrentGCThread "G1 Conc#0" [stack: 0x0000005cae400000,0x0000005cae500000] [id=3252]

[error occurred during error reporting (printing all threads), id 0xc0000005, EXCEPTION_ACCESS_VIOLATION (0xc0000005) at pc=0x00007fffc2768a97]

VM state: not at safepoint (not fully initialized)

VM Mutex/Monitor currently owned by a thread:  ([mutex/lock_event])
[0x00000219fa4b4ed0] Heap_lock - owner thread: 0x00000219fa4b62d0

Heap address: 0x0000000741e00000, size: 3042 MB, Compressed Oops mode: Zero based, Oop shift amount: 3

CDS archive(s) mapped at: [0x0000000000000000-0x0000000000000000-0x0000000000000000), size 0, SharedBaseAddress: 0x0000000800000000, ArchiveRelocationMode: 0.
Narrow klass base: 0x0000000000000000, Narrow klass shift: 0, Narrow klass range: 0x0

GC Precious Log:
<Empty>

Heap:
 garbage-first heap   total 0K, used 0K [0x0000000741e00000, 0x0000000800000000)
  region size 2048K, 0 young (0K), 0 survivors (0K)

[error occurred during error reporting (printing heap information), id 0xc0000005, EXCEPTION_ACCESS_VIOLATION (0xc0000005) at pc=0x00007fffc2b4c399]

GC Heap History (0 events):
No events

Deoptimization events (0 events):
No events

Classes unloaded (0 events):
No events

Classes redefined (0 events):
No events

Internal exceptions (0 events):
No events

VM Operations (0 events):
No events

Events (1 events):
Event: 0.025 Loaded shared library C:\Program Files\Java\jdk-17.0.5\bin\java.dll


Dynamic libraries:
0x00007ff69e5a0000 - 0x00007ff69e5b0000 	C:\Program Files\Java\jdk-17.0.5\bin\java.exe
0x00007ff83a030000 - 0x00007ff83a227000 	C:\windows\SYSTEM32\ntdll.dll
0x00007ff839570000 - 0x00007ff83962d000 	C:\windows\System32\KERNEL32.DLL
0x00007ff837d10000 - 0x00007ff838006000 	C:\windows\System32\KERNELBASE.dll
0x00007ff837c10000 - 0x00007ff837d10000 	C:\windows\System32\ucrtbase.dll
0x00007ff817c10000 - 0x00007ff817c28000 	C:\Program Files\Java\jdk-17.0.5\bin\jli.dll
0x00007ff838b80000 - 0x00007ff838c2e000 	C:\windows\System32\ADVAPI32.dll
0x00007ff839790000 - 0x00007ff83982e000 	C:\windows\System32\msvcrt.dll
0x00007ff838c30000 - 0x00007ff838ccc000 	C:\windows\System32\sechost.dll
0x00007ff838cd0000 - 0x00007ff838df6000 	C:\windows\System32\RPCRT4.dll
0x00007ff8389c0000 - 0x00007ff838b5e000 	C:\windows\System32\USER32.dll
0x00007ff838010000 - 0x00007ff838032000 	C:\windows\System32\win32u.dll
0x00007ff8388c0000 - 0x00007ff8388ec000 	C:\windows\System32\GDI32.dll
0x00007ff837af0000 - 0x00007ff837c0a000 	C:\windows\System32\gdi32full.dll
0x00007ff837710000 - 0x00007ff8377ad000 	C:\windows\System32\msvcp_win.dll
0x00007ff8220c0000 - 0x00007ff82235a000 	C:\windows\WinSxS\amd64_microsoft.windows.common-controls_6595b64144ccf1df_6.0.19041.3570_none_60bb2a3971f3e41a\COMCTL32.dll
0x00007ff817460000 - 0x00007ff81747a000 	C:\Program Files\Java\jdk-17.0.5\bin\VCRUNTIME140.dll
0x00007ff830cb0000 - 0x00007ff830cba000 	C:\windows\SYSTEM32\VERSION.dll
0x00007ff839e90000 - 0x00007ff839ec0000 	C:\windows\System32\IMM32.DLL
0x00007ff822c40000 - 0x00007ff822c4c000 	C:\Program Files\Java\jdk-17.0.5\bin\vcruntime140_1.dll
0x00007ff813fc0000 - 0x00007ff81404d000 	C:\Program Files\Java\jdk-17.0.5\bin\msvcp140.dll
0x00007fffc2480000 - 0x00007fffc3042000 	C:\Program Files\Java\jdk-17.0.5\bin\server\jvm.dll
0x00007ff839780000 - 0x00007ff839788000 	C:\windows\System32\PSAPI.DLL
0x00007ff8303a0000 - 0x00007ff8303a9000 	C:\windows\SYSTEM32\WSOCK32.dll
0x00007ff838ed0000 - 0x00007ff838f3b000 	C:\windows\System32\WS2_32.dll
0x00007ff8232b0000 - 0x00007ff8232d7000 	C:\windows\SYSTEM32\WINMM.dll
0x00007ff835ef0000 - 0x00007ff835f02000 	C:\windows\SYSTEM32\kernel.appcore.dll
0x00007ff81dc20000 - 0x00007ff81dc2a000 	C:\Program Files\Java\jdk-17.0.5\bin\jimage.dll
0x00007ff827d70000 - 0x00007ff827f54000 	C:\windows\SYSTEM32\DBGHELP.DLL
0x00007ff827290000 - 0x00007ff8272c4000 	C:\windows\SYSTEM32\dbgcore.DLL
0x00007ff8377b0000 - 0x00007ff837832000 	C:\windows\System32\bcryptPrimitives.dll
0x00007ff814370000 - 0x00007ff814395000 	C:\Program Files\Java\jdk-17.0.5\bin\java.dll

dbghelp: loaded successfully - version: 4.0.5 - missing functions: none
symbol engine: initialized successfully - sym options: 0x614 - pdb path: .;C:\Program Files\Java\jdk-17.0.5\bin;C:\windows\SYSTEM32;C:\windows\WinSxS\amd64_microsoft.windows.common-controls_6595b64144ccf1df_6.0.19041.3570_none_60bb2a3971f3e41a;C:\Program Files\Java\jdk-17.0.5\bin\server

VM Arguments:
jvm_args: -Dfile.encoding=windows-1252 -Duser.country=US -Duser.language=en -Duser.variant 
java_command: coffeeshopproject.CoffeeShopAPI.CoffeeShopApiApplication
java_class_path (initial): D:\CoffeeShopAPI\build\classes\java\main;D:\CoffeeShopAPI\build\classes\kotlin\main;D:\CoffeeShopAPI\build\resources\main;C:\Users\Dm\.gradle\caches\modules-2\files-2.1\org.springframework.boot\spring-boot-starter-data-jpa\3.0.5\3878bf2b2555fc1d38a9ebde0169eec4eaf6bf1c\spring-boot-starter-data-jpa-3.0.5.jar;C:\Users\Dm\.gradle\caches\modules-2\files-2.1\org.springframework.boot\spring-boot-starter-web\3.0.5\c8f9a85fed134963b69cb2f2a0dcf151047b6cd1\spring-boot-starter-web-3.0.5.jar;C:\Users\Dm\.gradle\caches\modules-2\files-2.1\org.springframework.boot\spring-boot-starter-validation\3.0.5\be7d9c0a45e887e25e25d48e6ea9b23a9c7a16d0\spring-boot-starter-validation-3.0.5.jar;C:\Users\Dm\.gradle\caches\modules-2\files-2.1\org.springframework.boot\spring-boot-starter-json\3.0.5\d9b191badbcc63083770ba111f9290e45e512a54\spring-boot-starter-json-3.0.5.jar;C:\Users\Dm\.gradle\caches\modules-2\files-2.1\com.fasterxml.jackson.datatype\jackson-datatype-jsr310\2.14.2\796518148a385b2728d44886cc0f8852eb8eeb53\jackson-datatype-jsr310-2.14.2.jar;C:\Users\Dm\.gradle\caches\modules-2\files-2.1\com.fasterxml.jackson.module\jackson-module-parameter-names\2.14.2\2b6c19b3d99dda02915515df879ab9e23fed3864\jackson-module-parameter-names-2.14.2.jar;C:\Users\Dm\.gradle\caches\modules-2\files-2.1\com.fasterxml.jackson.core\jackson-annotations\2.14.2\a7aae9525864930723e3453ab799521fdfd9d873\jackson-annotations-2.14.2.jar;C:\Users\Dm\.gradle\caches\modules-2\files-2.1\com.fasterxml.jackson.core\jackson-core\2.14.2\f804090e6399ce0cf78242db086017512dd71fcc\jackson-core-2.14.2.jar;C:\Users\Dm\.gradle\caches\modules-2\files-2.1\com.fasterxml.jackson.datatype\jackson-datatype-jdk8\2.14.2\2f3c71211b6ea7a978eba33574d7135d536e07fb\jackson-datatype-jdk8-2.14.2.jar;C:\Users\Dm\.gradle\caches\modules-2\files-2.1\com.fasterxml.jackson.core\jackson-databind\2.14.1\268524b9056cae1211b9f1f52560ef19347f4d17\jackson-databind-2.14.1.jar;C:\Users\Dm\.gradle\caches\modules-2\files-2.1\org.je
Launcher Type: SUN_STANDARD

[Global flags]
     intx CICompilerCount                          = 3                                         {product} {ergonomic}
     uint ConcGCThreads                            = 1                                         {product} {ergonomic}
     uint G1ConcRefinementThreads                  = 4                                         {product} {ergonomic}
   size_t G1HeapRegionSize                         = 2097152                                   {product} {ergonomic}
    uintx GCDrainStackTargetSize                   = 64                                        {product} {ergonomic}
   size_t InitialHeapSize                          = 201326592                                 {product} {ergonomic}
   size_t MarkStackSize                            = 4194304                                   {product} {ergonomic}
   size_t MaxHeapSize                              = 3189768192                                {product} {ergonomic}
   size_t MinHeapDeltaBytes                        = 2097152                                   {product} {ergonomic}
   size_t MinHeapSize                              = 8388608                                   {product} {ergonomic}
    uintx NonNMethodCodeHeapSize                   = 5832780                                {pd product} {ergonomic}
    uintx NonProfiledCodeHeapSize                  = 122912730                              {pd product} {ergonomic}
    uintx ProfiledCodeHeapSize                     = 122912730                              {pd product} {ergonomic}
    uintx ReservedCodeCacheSize                    = 251658240                              {pd product} {ergonomic}
     bool SegmentedCodeCache                       = true                                      {product} {ergonomic}
   size_t SoftMaxHeapSize                          = 3189768192                             {manageable} {ergonomic}
     bool UseCompressedClassPointers               = true                           {product lp64_product} {ergonomic}
     bool UseCompressedOops                        = true                           {product lp64_product} {ergonomic}
     bool UseG1GC                                  = true                                      {product} {ergonomic}
     bool UseLargePagesIndividualAllocation        = false                                  {pd product} {ergonomic}

Logging:
Log output configuration:
 #0: stdout all=warning uptime,level,tags
 #1: stderr all=off uptime,level,tags

Environment Variables:
JAVA_HOME=C:\Program Files\Java\jdk-17.0.5
PATH=C:\Program Files\Common Files\Oracle\Java\javapath;C:\Program Files (x86)\Common Files\Intel\Shared Libraries\redist\intel64\compiler;C:\windows\system32;C:\windows;C:\windows\System32\Wbem;C:\windows\System32\WindowsPowerShell\v1.0\;C:\windows\System32\OpenSSH\;C:\xampp\php;C:\composer;C:\Program Files\Git\cmd;C:\Program Files\MySQL\MySQL Utilities 1.6\;C:\Users\Dm\AppData\Local\Programs\Python\Python311;C:\Users\Dm\AppData\Local\Programs\Python\Python311\Scripts;C:\Program Files\apache-maven-3.8.7-bin\apache-maven-3.8.7\bin;C:\Program Files\Docker\Docker\resources\bin;C:\Program Files\Java\jdk-17.0.5\bin;C:\Program Files\gradle-8.0.2\bin;C:\Users\Dm\AppData\Local\Microsoft\WindowsApps;C:\Users\Dm\AppData\Roaming\Composer\vendor\bin;C:\Users\Dm\AppData\Local\GitHubDesktop\bin;C:\src\flutter\bin;C:\dart-sdk\bin;C:\Users\Dm\AppData\Local\Programs\Microsoft VS Code\bin
USERNAME=Dm
OS=Windows_NT
PROCESSOR_IDENTIFIER=Intel64 Family 6 Model 142 Stepping 9, GenuineIntel



---------------  S Y S T E M  ---------------

OS:
 Windows 10 , 64 bit Build 19041 (10.0.19041.3570)
OS uptime: 0 days 11:50 hours
Hyper-V role detected

CPU: total 4 (initial active 4) (2 cores per cpu, 2 threads per core) family 6 model 142 stepping 9 microcode 0xd6, cx8, cmov, fxsr, ht, mmx, 3dnowpref, sse, sse2, sse3, ssse3, sse4.1, sse4.2, popcnt, lzcnt, tsc, tscinvbit, avx, avx2, aes, erms, clmul, bmi1, bmi2, adx, fma, vzeroupper, clflush, clflushopt, hv

Memory: 4k page, system-wide physical 12161M (1704M free)
TotalPageFile size 16839M (AvailPageFile size 150M)
current process WorkingSet (physical memory assigned to process): 10M, peak: 10M
current process commit charge ("private bytes"): 51M, peak: 243M

vm_info: Java HotSpot(TM) 64-Bit Server VM (17.0.5+9-LTS-191) for windows-amd64 JRE (17.0.5+9-LTS-191), built on Sep 13 2022 17:31:43 by "mach5one" with MS VC++ 16.8 / 16.9 (VS2019)

END.
